<?xml version="1.0" encoding="UTF-8"?>
<!-- Generated by org.testng.reporters.JUnitReportReporter -->
<testsuite hostname="PF5LQBND" failures="0" tests="1" name="testCases.TC002_LoginTest" time="1.790" errors="0" timestamp="2025-07-21T20:37:37 IST" skipped="0">
  <testcase classname="testCases.TC002_LoginTest" name="verify_Login" time="1.790"/>
</testsuite> <!-- testCases.TC002_LoginTest -->
